# awless
# bosh-cli
# bosh-init
# chunkwm
# chunkwm-blur
# colima
# docker-completion
# docker-compose-completion
# gotty
# grv
# helm
# kubernetes-cli
# macvim
# terraform # can't be installed allong with tfswitch
# tldr
# godep
1password
1password-cli
ack
age
ansible
ansible-language-server
ansible-lint
archivemount
asciidoctor
asciinema
autopep8
avfs
aws-iam-authenticator
aws-session-manager-plugin
aws-shell
awscli
awsume
azure-cli
bandwhich
bazel
bbl
bfg
blackbox
bottom
broot
browsh
btop
buildozer
bun
calicoctl
cask
catimg
ccat
certbot
cf-cli
cfssl
chafa
chart-releaser
checkov
chpharos
chrome-cli
clusterctl
coffeescript
commitizen
consul-template
cookiecutter
crane
credhub-cli
cruft
csvkit
dagger
dark-mode
datree
dep
devspace
direnv
displayplacer
dive
dnscrypt-proxy
docker
docker-buildx
docker-compose
docker-credential-helper
docker-ls
docker-slim
dockerfile-language-server
dog
dust
ec2-ami-tools
ec2-api-tools
ec2-instance-selector
ec2-metadata-mock
eget
egison
eksctl
elktail
entr
exif
exiftool
faq
fff
ffmpegthumbnailer
figlet
fluxctl
font-symbols-only-nerd-font
fq
fx
gardenctl
gcal
gh
gifsicle
glab
glow
go-boring
go-jira
gofumpt
goimports
golangci-lint
golangci-lint-langserver
gomplate
gopls
goreleaser
gotags
govc
gpatch
graphicsmagick
graphviz
grc
grex
gron
groovy
gs
gum
hab
hadolint
helix
helm-docs
helm-ls
helmenv
helmfile
helmify
helmsman
highlight
hl
homeport/tap/dyff
htop
httpie
httpstat
hub
hyperfine
hyperkit
iam-policy-json-to-terraform
imgpkg
inframap
inlets
ipcalc
iproute2mac
jc
jid
jj
jql
jruby
jsmin
jsonnet
jsonnet-bundler
jwt-cli
k3d
k6
k9s
kakoune
kapp
kbenv
kbld
kdash
kind
kompose
kops
krr
kube-aws
kubebuilder
kubeconform
kubectx
kubepfm
kubetail
kubeval
kustomize
kwt
lab
lazydocker
lazygit
legit
lf
lima
lsd
lua-language-server
maccy
markdownlint-cli
mas
mercurial
microk8s
minikube
mix-completion
mockery
monolith
mtr
multitail
ncdu
neardrop
neofetch
ngrep
nmap
nushell
openshift-cli
operator-sdk
oras
orbstack
oslo
packer
pam-reattach
pdsh
peco
pet
pip-completion
pipenv
pipx
pkgx
pluto
popeye
poppler
pre-commit
prettyping
procs
protobuf
pssh
pstree
pt
pulumi
pv
rake-completion
rancher-cli
ranger
rbac-lookup
rbenv
reattach-to-user-namespace
remarshal
rename
ripsecrets
rke
rm-improved
rollup
ruby-completion
rush-parallel
s3cmd
samba
sampler
scrcpy
sd
shellcheck
shfmt
siege
sipcalc
skaffold
skhd
skopeo
sloth-cli
socat
sops
source-highlight
speedtest-cli
sq
sql-language-server
starship
stern
sunbeam
superfile
svn
tanka
tcptraceroute
tealdeer
telepresence
terrafile
terraform-docs
terraform-inventory
terraform-ls
terraform_landscape
terraformer
terragrunt
terrascan
tfk8s
tflint
tfsec
tfswitch
the_silver_searcher
thefuck
tig
tilt
toast
toilet
tokei
topgrade
tree
tree-sitter
tree-sitter-cli
ttyd
ttyplot
tubekit
ufraw
updatecli
vagrant-completion
vault
vegeta
vendir
viu
w3m
wdiff
xh
xhyve
yabai
yaml-language-server
yamllint
ydiff
ytt
zoxide
