# bats
# rust
# telnet
# uutils-coreutils
asdf
bash
bash-completion@2
bash-language-server
bat
bat-extras
bats-core
binutils
brew-cask-completion
brew-pip
ca-certificates
cmake
colordiff
coreutils
ctags
curl
dateutils
dos2unix
eza
fd
findutils
fzf
gawk
git
git-chglog
git-delta
git-extras
git-quick-stats
git-secret
git-secrets
gnu-getopt
gnu-sed
gnu-tar
gnu-time
golang
imagemagick
inetutils
jq
lesspipe
libmagic
libressl
libsecret
llvm
make
moreutils
neovim
node
oh-my-posh
openssl
p7zip
patchutils
pyenv
pyenv-virtualenv
python
python-lsp-server
python-setuptools
readline
ripgrep
tmux
tmux-xpanes
tmuxinator
unar
unzip
vim
watch
wget
whois
yarn
yarn-completion
yazi
yq
zsh
zsh-completions
