# awless
# bosh-cli
# bosh-init
# chunkwm
# chunkwm-blur
# colima
# docker-completion
# docker-compose-completion
# gotty
# grv
# helm
# kubernetes-cli
# macvim
# terraform # can't be installed allong with tfswitch
# tldr
# godep
1password
1password-cli
ack
age
ansible
ansible-language-server
ansible-lint
archivemount
asciidoctor
asciinema
aws-iam-authenticator
aws-session-manager-plugin
aws-shell
awscli
awsume
azure-cli
bandwhich
devspace
dive
dnscrypt-proxy
docker
docker-buildx
docker-compose
docker-credential-helper
docker-ls
docker-slim
dockerfile-language-server
dog
dust
ec2-ami-tools
ec2-api-tools
ec2-instance-selector
ec2-metadata-mock
eget
egison
eksctl
elktail
k3d
k6
k9s
kakoune
kapp
kbenv
kbld
kdash
kind
kompose
kops
krr
kube-aws
kubebuilder
kubeconform
kubectx
kubepfm
kubetail
kubeval
kustomize
rancher-cli
ranger
rbac-lookup
