abseil-cpp
ack-grep
amber
android-tools
apt
arj
asciinema
atool
attr
autoconf
automake
bash
bash-completion
bat
bc
binutils
binutils-bin
binutils-gold
binutils-libs
bison
boost
brotli
build-essential
busybox
bzip2
c-ares
ca-certificates
clang
cmake
colordiff
command-not-found
coreutils
cpio
ctags
curl
dash
dbus
debianutils
dialog
diffutils
dnsutils
dog
dos2unix
dpkg
dust
ed
eza
fakeroot
fd
file
findutils
flex
fontconfig
freetype
fzf
gawk
gdbm
gdk-pixbuf
gettext
gh
ghc-libs
giflib
git
git-delta
glib
glow
gnupg
golang
gopls
gperf
gpgv
graphene
grep
groff
gst-plugins-base
gstreamer
gzip
haskell-aeson
haskell-assoc
haskell-attoparsec
haskell-base-compat
haskell-base-compat-batteries
haskell-base-orphans
haskell-bifunctors
haskell-comonad
haskell-contravariant
haskell-data-fix
haskell-diff
haskell-distributive
haskell-dlist
haskell-hashable
haskell-indexed-traversable
haskell-indexed-traversable-instances
haskell-integer-logarithms
haskell-onetuple
haskell-primitive
haskell-quickcheck
haskell-random
haskell-regex-base
haskell-regex-tdfa
haskell-scientific
haskell-semialign
haskell-semigroupoids
haskell-splitmix
haskell-statevar
haskell-strict
haskell-tagged
haskell-text-short
haskell-th-abstraction
haskell-these
haskell-time-compat
haskell-transformers-compat
haskell-unordered-containers
haskell-uuid-types
haskell-vector
haskell-witherable
helix
helm
helm-ls
hors
htop
iconv
icu-devtools
inetutils
jo
jq
jsoncpp
k9s
kakoune
krb5
kubectl
kubelogin
lazygit
ldns
less
lesspipe
lhasa
libandroid-execinfo
libandroid-glob
libandroid-posix-semaphore
libandroid-shmem
libandroid-spawn
libandroid-support
libandroid-utimes
libaom
libarchive
libassuan
libbsd
libbz2
libc++
libcap
libcap-ng
libcompiler-rt
libcroco
libcrypt
libcurl
libdav1d
libdb
libde265
libdrm
libedit
libevent
libexpat
libffi
libflac
libgc
libgcrypt
libgd
libgit2
libglvnd
libgmp
libgnutls
libgpg-error
libheif
libice
libiconv
libicu
libicu-static
libidn
libidn2
libjansson
libjpeg-turbo
libksba
libllvm
libltdl
liblua53
liblua54
libluajit
liblz4
liblzma
liblzo
libmd
libmpfr
libmsgpack
libnettle
libnfs
libnghttp2
libnghttp3
libnpth
libogg
libopus
liborc
libpcap
libpixman
libpng
libprotobuf
librav1e
libresolv-wrapper
libsasl
libsixel
libslirp
libsmartcols
libsndfile
libsoxr
libspice-protocol
libspice-server
libsqlite
libssh
libssh2
libtalloc
libtermkey
libtheora
libtiff
libtirpc
libtool
libtreesitter
libunbound
libunibilium
libunistring
libusb
libusbredir
libuuid
libuv
libvorbis
libvterm
libwayland
libwebp
libwebrtc-audio-processing
libx11
libx265
libxau
libxcb
libxdmcp
libxext
libxfixes
libxml2
libxshmfence
libxv
libxxf86vm
libyaml
lld
llvm
lsof
luv
lzip
lzop
m4
make
man
mesa
mlocate
monolith
mosh
multitail
nano
ncdu
ncurses
ncurses-ui-libs
ncurses-utils
ndk-sysroot
neofetch
neovim
net-tools
netcat-openbsd
nmap
nmap-ncat
nodejs
oniguruma
opengl
openssh
openssh-sftp-server
openssl
openssl-1.1
openssl-tool
p7zip
parallel
patch
pcre
pcre2
perl
pinentry
pkg-config
procps
proot
psmisc
pulseaudio
pv
python
python-cryptography
python-ensurepip-wheels
python-pip
python2
qemu-common
qemu-system-x86-64-headless
qemu-utils
ranger
readline
resolv-conf
rhash
ripgrep
ripsecrets
root-repo
ruby
ruby-ri
runit
rush
rust
rust-std-aarch64-linux-android
screenfetch
sed
shellcheck
shfmt
silversearcher-ag
speexdsp
starship
tar
tealdeer
termux-am
termux-am-socket
termux-api
termux-auth
termux-elf-cleaner
termux-exec
termux-keyring
termux-licenses
termux-services
termux-tools
tmux
topgrade
tracepath
tree
tsu
ttf-dejavu
ttyd
unar
unbound
unrar
unzip
util-linux
vim-python
vim-runtime
viu
vulkan-loader
vulkan-loader-generic
w3m
wget
which
xh
xxhash
xz-utils
yarn
yazi
yq
zellij
zip
zlib
zoxide
zsh
zsh-completions
zstd
